# JRE version: Java(TM) SE Runtime Environment (8.0_77-b03) (build 1.8.0_77-b03)
# Java VM: Java HotSpot(TM) 64-Bit Server VM (25.77-b03 mixed mode windows-amd64 compressed oops)
Heap:
 PSYoungGen      total 34304K, used 9929K [0x00000000e0000000, 0x00000000e2600000, 0x0000000100000000)
  eden space 29696K, 17% used [0x00000000e0000000,0x00000000e0534138,0x00000000e1d00000)
  from space 4608K, 99% used [0x00000000e1d00000,0x00000000e217e640,0x00000000e2180000)
  to   space 4608K, 0% used [0x00000000e2180000,0x00000000e2180000,0x00000000e2600000)
 ParOldGen       total 77824K, used 3213K [0x00000000a0000000, 0x00000000a4c00000, 0x00000000e0000000)
  object space 77824K, 4% used [0x00000000a0000000,0x00000000a0323408,0x00000000a4c00000)
 Metaspace       used 15746K, capacity 16074K, committed 16256K, reserved 1062912K
  class space    used 2215K, capacity 2320K, committed 2432K, reserved 1048576K
GC Heap History (6 events):
Event: 1.247 GC heap before
{Heap before GC invocations=1 (full 0):
 PSYoungGen      total 34304K, used 29696K [0x00000000e0000000, 0x00000000e2600000, 0x0000000100000000)
  eden space 29696K, 100% used [0x00000000e0000000,0x00000000e1d00000,0x00000000e1d00000)
  from space 4608K, 0% used [0x00000000e2180000,0x00000000e2180000,0x00000000e2600000)
  to   space 4608K, 0% used [0x00000000e1d00000,0x00000000e1d00000,0x00000000e2180000)
 ParOldGen       total 77824K, used 0K [0x00000000a0000000, 0x00000000a4c00000, 0x00000000e0000000)
  object space 77824K, 0% used [0x00000000a0000000,0x00000000a0000000,0x00000000a4c00000)
 Metaspace       used 6859K, capacity 7024K, committed 7040K, reserved 1056768K
  class space    used 862K, capacity 892K, committed 896K, reserved 1048576K
Event: 1.254 GC heap after
Heap after GC invocations=1 (full 0):
 PSYoungGen      total 34304K, used 4371K [0x00000000e0000000, 0x00000000e2600000, 0x0000000100000000)
  eden space 29696K, 0% used [0x00000000e0000000,0x00000000e0000000,0x00000000e1d00000)
  from space 4608K, 94% used [0x00000000e1d00000,0x00000000e2144e38,0x00000000e2180000)
  to   space 4608K, 0% used [0x00000000e2180000,0x00000000e2180000,0x00000000e2600000)
 ParOldGen       total 77824K, used 8K [0x00000000a0000000, 0x00000000a4c00000, 0x00000000e0000000)
  object space 77824K, 0% used [0x00000000a0000000,0x00000000a0002000,0x00000000a4c00000)
 Metaspace       used 6859K, capacity 7024K, committed 7040K, reserved 1056768K
  class space    used 862K, capacity 892K, committed 896K, reserved 1048576K
}
Event: 3.592 GC heap before
{Heap before GC invocations=2 (full 0):
 PSYoungGen      total 34304K, used 34067K [0x00000000e0000000, 0x00000000e2600000, 0x0000000100000000)
  eden space 29696K, 100% used [0x00000000e0000000,0x00000000e1d00000,0x00000000e1d00000)
  from space 4608K, 94% used [0x00000000e1d00000,0x00000000e2144e38,0x00000000e2180000)
  to   space 4608K, 0% used [0x00000000e2180000,0x00000000e2180000,0x00000000e2600000)
 ParOldGen       total 77824K, used 8K [0x00000000a0000000, 0x00000000a4c00000, 0x00000000e0000000)
  object space 77824K, 0% used [0x00000000a0000000,0x00000000a0002000,0x00000000a4c00000)
 Metaspace       used 12332K, capacity 12650K, committed 12800K, reserved 1060864K
  class space    used 1629K, capacity 1744K, committed 1792K, reserved 1048576K
Event: 3.600 GC heap after
Heap after GC invocations=2 (full 0):
 PSYoungGen      total 34304K, used 4585K [0x00000000e0000000, 0x00000000e2600000, 0x0000000100000000)
  eden space 29696K, 0% used [0x00000000e0000000,0x00000000e0000000,0x00000000e1d00000)
  from space 4608K, 99% used [0x00000000e2180000,0x00000000e25fa400,0x00000000e2600000)
  to   space 4608K, 0% used [0x00000000e1d00000,0x00000000e1d00000,0x00000000e2180000)
 ParOldGen       total 77824K, used 786K [0x00000000a0000000, 0x00000000a4c00000, 0x00000000e0000000)
  object space 77824K, 1% used [0x00000000a0000000,0x00000000a00c4838,0x00000000a4c00000)
 Metaspace       used 12332K, capacity 12650K, committed 12800K, reserved 1060864K
  class space    used 1629K, capacity 1744K, committed 1792K, reserved 1048576K
}
Event: 4.337 GC heap before
{Heap before GC invocations=3 (full 0):
 PSYoungGen      total 34304K, used 34281K [0x00000000e0000000, 0x00000000e2600000, 0x0000000100000000)
  eden space 29696K, 100% used [0x00000000e0000000,0x00000000e1d00000,0x00000000e1d00000)
  from space 4608K, 99% used [0x00000000e2180000,0x00000000e25fa400,0x00000000e2600000)
  to   space 4608K, 0% used [0x00000000e1d00000,0x00000000e1d00000,0x00000000e2180000)
 ParOldGen       total 77824K, used 786K [0x00000000a0000000, 0x00000000a4c00000, 0x00000000e0000000)
  object space 77824K, 1% used [0x00000000a0000000,0x00000000a00c4838,0x00000000a4c00000)
 Metaspace       used 15015K, capacity 15402K, committed 15616K, reserved 1062912K
  class space    used 2106K, capacity 2224K, committed 2304K, reserved 1048576K
Event: 4.347 GC heap after
Heap after GC invocations=3 (full 0):
 PSYoungGen      total 34304K, used 4601K [0x00000000e0000000, 0x00000000e2600000, 0x0000000100000000)
  eden space 29696K, 0% used [0x00000000e0000000,0x00000000e0000000,0x00000000e1d00000)
  from space 4608K, 99% used [0x00000000e1d00000,0x00000000e217e640,0x00000000e2180000)
  to   space 4608K, 0% used [0x00000000e2180000,0x00000000e2180000,0x00000000e2600000)
 ParOldGen       total 77824K, used 3213K [0x00000000a0000000, 0x00000000a4c00000, 0x00000000e0000000)
  object space 77824K, 4% used [0x00000000a0000000,0x00000000a0323408,0x00000000a4c00000)
 Metaspace       used 15015K, capacity 15402K, committed 15616K, reserved 1062912K
  class space    used 2106K, capacity 2224K, committed 2304K, reserved 1048576K
}

